library/iOSLiteCommon/build/intermediates/manifest_merge_blame_file/debug/manifest-merger-blame-debug-report.txt
1<?xml version="1.0" encoding="utf-8"?>
2<manifest xmlns:android="http://schemas.android.com/apk/res/android"
3    package="com.amz.ios.ioslite.common" >
4
5    <uses-sdk
6        android:minSdkVersion="26"
6-->library\iOSLiteCommon\AndroidManifest.xml
7        android:targetSdkVersion="34" />
7-->library\iOSLiteCommon\AndroidManifest.xml
8    <!-- <uses-sdk -->
9    <!-- android:minSdkVersion="16" -->
10    <!-- android:targetSdkVersion="21" /> -->
11    <!-- <uses-permission android:name="android.permission.BLUETOOTH" /> -->
12    <!-- <uses-permission android:name="android.permission.ACCESS_NOTIFICATION_POLICY" /> -->
13    <!-- <uses-permission android:name="android.permission.BLUETOOTH_ADMIN" /> -->
14    <!-- <uses-permission android:name="android.permission.CHANGE_WIFI_STATE" /> -->
15    <!-- <uses-permission android:name="android.permission.INTERNET" /> -->
16    <!-- <uses-permission android:name="android.permission.ACCESS_WIFI_STATE" /> -->
17    <!-- <uses-permission android:name="android.permission.ACCESS_NETWORK_STATE" /> -->
18    <!-- <uses-permission android:name="android.permission.ACCESS_FINE_LOCATION" /> -->
19    <!-- <uses-permission android:name="android.permission.READ_PHONE_STATE" /> -->
20    <!-- <uses-permission android:name="android.permission.READ_CALL_LOG" /> -->
21    <application>
21-->library\iOSLiteCommon\AndroidManifest.xml:20:5-57:19
22
23        <!-- 应用使用统计 -->
24        <provider
24-->library\iOSLiteCommon\AndroidManifest.xml:23:9-26:39
25            android:name="com.amz.ios.ioslite.common.provider.AppUsagesProvider"
25-->library\iOSLiteCommon\AndroidManifest.xml:24:13-55
26            android:authorities="com.amz.ios.ioslite.provider.usages"
26-->library\iOSLiteCommon\AndroidManifest.xml:25:13-70
27            android:exported="true" />
27-->library\iOSLiteCommon\AndroidManifest.xml:26:13-36
28
29        <!-- 全局设置 -->
30        <provider
30-->library\iOSLiteCommon\AndroidManifest.xml:29:9-32:39
31            android:name="com.amz.ios.ioslite.common.setting.SettingProvider"
31-->library\iOSLiteCommon\AndroidManifest.xml:30:13-52
32            android:authorities="com.amz.ios.ioslite.common.setting"
32-->library\iOSLiteCommon\AndroidManifest.xml:31:13-69
33            android:exported="true" />
33-->library\iOSLiteCommon\AndroidManifest.xml:32:13-36
34
35        <!-- 内存监测 -->
36        <activity
36-->library\iOSLiteCommon\AndroidManifest.xml:35:9-44:20
37            android:name="com.amz.ios.ioslite.common.debug.MemoryDumpActivity"
37-->library\iOSLiteCommon\AndroidManifest.xml:37:13-53
38            android:excludeFromRecents="true"
38-->library\iOSLiteCommon\AndroidManifest.xml:38:13-46
39            android:exported="true"
39-->library\iOSLiteCommon\AndroidManifest.xml:36:13-36
40            android:theme="@android:style/Theme.NoDisplay" >
40-->library\iOSLiteCommon\AndroidManifest.xml:39:13-59
41            <intent-filter>
41-->library\iOSLiteCommon\AndroidManifest.xml:40:13-43:29
42                <action android:name="android.intent.action.MAIN" />
42-->library\iOSLiteCommon\AndroidManifest.xml:41:17-69
42-->library\iOSLiteCommon\AndroidManifest.xml:41:25-66
43
44                <category android:name="android.intent.category.DEFAULT" />
44-->library\iOSLiteCommon\AndroidManifest.xml:42:17-76
44-->library\iOSLiteCommon\AndroidManifest.xml:42:27-73
45            </intent-filter>
46        </activity>
47        <!-- 内存监测服务 -->
48        <service android:name="com.amz.ios.ioslite.common.debug.MemoryTracker" />
48-->library\iOSLiteCommon\AndroidManifest.xml:46:9-56
48-->library\iOSLiteCommon\AndroidManifest.xml:46:18-53
49
50        <receiver
50-->library\iOSLiteCommon\AndroidManifest.xml:48:9-56:20
51            android:name="com.amz.ios.ioslite.common.downloadapk.ApkReceiver"
51-->library\iOSLiteCommon\AndroidManifest.xml:48:43-82
52            android:exported="true" >
52-->library\iOSLiteCommon\AndroidManifest.xml:48:19-42
53            <intent-filter>
53-->library\iOSLiteCommon\AndroidManifest.xml:49:13-51:29
54                <action android:name="android.intent.action.DOWNLOAD_COMPLETE" />
54-->library\iOSLiteCommon\AndroidManifest.xml:50:17-82
54-->library\iOSLiteCommon\AndroidManifest.xml:50:25-79
55            </intent-filter>
56            <intent-filter>
56-->library\iOSLiteCommon\AndroidManifest.xml:52:13-55:29
57                <action android:name="android.intent.action.PACKAGE_ADDED" />
57-->library\iOSLiteCommon\AndroidManifest.xml:53:17-78
57-->library\iOSLiteCommon\AndroidManifest.xml:53:25-75
58
59                <data android:scheme="package" />
59-->library\iOSLiteCommon\AndroidManifest.xml:54:17-50
59-->library\iOSLiteCommon\AndroidManifest.xml:54:23-47
60            </intent-filter>
61        </receiver>
62    </application>
63
64</manifest>